<?xml version="1.0" encoding="UTF-8" ?>
<testsuite tests="14" failures="0" name="cucumberJava.runTest" time="0.003" errors="0" skipped="0">
  <properties>
[...]
</properties>
  <testcase classname="Scenario: Register functionality exists" name="Given I have open the browser" time="0.003"/>
  <testcase classname="Scenario: Register functionality exists" name="And I open QA Test website" time="0"/>
  <testcase classname="Scenario: Register functionality exists" name="And Register button should exist" time="0"/>
  <testcase classname="Scenario: Register functionality exists" name="When I click on the register button" time="0"/>
  <testcase classname="Scenario: Register functionality exists" name="Then Register page should be displayed" time="0"/>
  <testcase classname="Scenario: Register functionality exists" name="And Close browser" time="0"/>
  <testcase classname="Scenario: Register functionality exists" name="Scenario: Register functionality exists" time="0"/>
  <testcase classname="Scenario: Register functionality its working" name="Given I have open the browser" time="0"/>
  <testcase classname="Scenario: Register functionality its working" name="And I open QA Test website" time="0"/>
  <testcase classname="Scenario: Register functionality its working" name="When I click on the register button" time="0"/>
  <testcase classname="Scenario: Register functionality its working" name="And Fill all the inputs" time="0"/>
  <testcase classname="Scenario: Register functionality its working" name="And Submit the register" time="0"/>
  <testcase classname="Scenario: Register functionality its working" name="Then Success Message should be displayed" time="0"/>
  <testcase classname="Scenario: Register functionality its working" name="Scenario: Register functionality its working" time="0"/>
</testsuite>